<?xml version="1.0" encoding="UTF-8"?>
<testsuite name="ClickApplication.ClickApplicationTest" tests="2" skipped="0" failures="0" errors="0" timestamp="2021-03-22T11:21:48" hostname="DESKTOP-G6JT3H2" time="2.066">
  <properties/>
  <testcase name="should_click_on_button" classname="ClickApplication.ClickApplicationTest" time="1.809"/>
  <testcase name="should_contain_button" classname="ClickApplication.ClickApplicationTest" time="0.256"/>
  <system-out><![CDATA[]]></system-out>
  <system-err><![CDATA[]]></system-err>
</testsuite>
